<?xml version="1.0" encoding="UTF-8"?>
<!-- Generated by org.testng.reporters.JUnitReportReporter -->
<testsuite hostname="DESKTOP-7MUN2ID" failures="0" tests="1" name="TC_Repo.TC_01" time="21.058" errors="0" timestamp="2023-12-22T00:24:56 IST" skipped="0">
  <testcase classname="TC_Repo.TC_01" name="flipkartTestcase" time="21.058"/>
  <system-out/>
</testsuite> <!-- TC_Repo.TC_01 -->
