<?xml version="1.0" encoding="UTF-8"?>
<!-- Generated by org.testng.reporters.JUnitReportReporter -->
<testsuite hostname="DESKTOP-7MUN2ID" failures="0" tests="3" name="Test_NG_programs.Sample1" time="0.007" errors="0" timestamp="2023-12-21T19:25:10 IST" skipped="0">
  <testcase classname="Test_NG_programs.Sample1" name="userDeleted" time="0.001"/>
  <system-out/>
  <testcase classname="Test_NG_programs.Sample1" name="userCreated" time="0.006"/>
  <system-out/>
  <testcase classname="Test_NG_programs.Sample1" name="userModified" time="0.000"/>
  <system-out/>
</testsuite> <!-- Test_NG_programs.Sample1 -->
